ARM GAS  C:\Users\Evan\AppData\Local\Temp\ccxUr3I2.s 			page 1


   1              		.cpu cortex-m0
   2              		.fpu softvfp
   3              		.eabi_attribute 20, 1
   4              		.eabi_attribute 21, 1
   5              		.eabi_attribute 23, 3
   6              		.eabi_attribute 24, 1
   7              		.eabi_attribute 25, 1
   8              		.eabi_attribute 26, 1
   9              		.eabi_attribute 30, 6
  10              		.eabi_attribute 34, 0
  11              		.eabi_attribute 18, 4
  12              		.code	16
  13              		.file	"common.c"
  14              		.text
  15              	.Ltext0:
  16              		.cfi_sections	.debug_frame
  17              		.global	__aeabi_uidivmod
  18              		.global	__aeabi_uidiv
  19              		.section	.text.HexToDecimal,"ax",%progbits
  20              		.align	2
  21              		.global	HexToDecimal
  22              		.code	16
  23              		.thumb_func
  24              		.type	HexToDecimal, %function
  25              	HexToDecimal:
  26              	.LFB35:
  27              		.file 1 ".\\common.c"
   1:.\common.c    **** /*******************************************************************************
   2:.\common.c    **** * File Name: common.c
   3:.\common.c    **** *
   4:.\common.c    **** * Version: 1.0
   5:.\common.c    **** *
   6:.\common.c    **** * Description:
   7:.\common.c    **** *  This file implements the common functionality in the ANCS project.
   8:.\common.c    **** *
   9:.\common.c    **** * Hardware Dependency:
  10:.\common.c    **** *  CY8CKIT-042-BLE
  11:.\common.c    **** *
  12:.\common.c    **** ********************************************************************************
  13:.\common.c    **** * Copyright (2015), Cypress Semiconductor Corporation.
  14:.\common.c    **** ******************************************************************************
  15:.\common.c    **** * This software is owned by Cypress Semiconductor Corporation (Cypress) and is
  16:.\common.c    **** * protected by and subject to worldwide patent protection (United States and
  17:.\common.c    **** * foreign), United States copyright laws and international treaty provisions.
  18:.\common.c    **** * Cypress hereby grants to licensee a personal, non-exclusive, non-transferable
  19:.\common.c    **** * license to copy, use, modify, create derivative works of, and compile the
  20:.\common.c    **** * Cypress Source Code and derivative works for the sole purpose of creating
  21:.\common.c    **** * custom software in support of licensee product to be used only in conjunction
  22:.\common.c    **** * with a Cypress integrated circuit as specified in the applicable agreement.
  23:.\common.c    **** * Any reproduction, modification, translation, compilation, or representation of
  24:.\common.c    **** * this software except as specified above is prohibited without the express
  25:.\common.c    **** * written permission of Cypress.
  26:.\common.c    **** *
  27:.\common.c    **** * Disclaimer: CYPRESS MAKES NO WARRANTY OF ANY KIND, EXPRESS OR IMPLIED, WITH
  28:.\common.c    **** * REGARD TO THIS MATERIAL, INCLUDING, BUT NOT LIMITED TO, THE IMPLIED
  29:.\common.c    **** * WARRANTIES OF MERCHANTABILITY AND FITNESS FOR A PARTICULAR PURPOSE.
  30:.\common.c    **** * Cypress reserves the right to make changes without further notice to the
ARM GAS  C:\Users\Evan\AppData\Local\Temp\ccxUr3I2.s 			page 2


  31:.\common.c    **** * materials described herein. Cypress does not assume any liability arising out
  32:.\common.c    **** * of the application or use of any product or circuit described herein. Cypress
  33:.\common.c    **** * does not authorize its products for use as critical components in life-support
  34:.\common.c    **** * systems where a malfunction or failure may reasonably be expected to result in
  35:.\common.c    **** * significant injury to the user. The inclusion of Cypress' product in a life-
  36:.\common.c    **** * support systems application implies that the manufacturer assumes all risk of
  37:.\common.c    **** * such use and in doing so indemnifies Cypress against all charges. Use may be
  38:.\common.c    **** * limited by and subject to the applicable Cypress software license agreement.
  39:.\common.c    **** *******************************************************************************/
  40:.\common.c    **** 
  41:.\common.c    **** 
  42:.\common.c    **** /*******************************************************************************
  43:.\common.c    **** * Included headers
  44:.\common.c    **** *******************************************************************************/
  45:.\common.c    **** #include <project.h>
  46:.\common.c    **** 
  47:.\common.c    **** 
  48:.\common.c    **** /*******************************************************************************
  49:.\common.c    **** * Function definitions
  50:.\common.c    **** *******************************************************************************/
  51:.\common.c    **** 
  52:.\common.c    **** /*******************************************************************************
  53:.\common.c    **** * Function Name: HexToDecimal()
  54:.\common.c    **** ********************************************************************************
  55:.\common.c    **** * Summary:
  56:.\common.c    **** * Hexadecimal to decimal converter
  57:.\common.c    **** *
  58:.\common.c    **** * Parameters:
  59:.\common.c    **** * uint32 value: Hexadecimal value
  60:.\common.c    **** * uint8 digit: Which digit to be obtained
  61:.\common.c    **** *
  62:.\common.c    **** * Return:
  63:.\common.c    **** * char: the decimal equivalent of that digit 
  64:.\common.c    **** *
  65:.\common.c    **** * Theory:
  66:.\common.c    **** * Converts hexadecimal to decimal and returns digit-by-digit value.
  67:.\common.c    **** *
  68:.\common.c    **** *******************************************************************************/
  69:.\common.c    **** char HexToDecimal(uint32 value, uint8 digit)
  70:.\common.c    **** {
  28              		.loc 1 70 0
  29              		.cfi_startproc
  30 0000 80B5     		push	{r7, lr}
  31              		.cfi_def_cfa_offset 8
  32              		.cfi_offset 7, -8
  33              		.cfi_offset 14, -4
  34 0002 82B0     		sub	sp, sp, #8
  35              		.cfi_def_cfa_offset 16
  36 0004 00AF     		add	r7, sp, #0
  37              		.cfi_def_cfa_register 7
  38 0006 7860     		str	r0, [r7, #4]
  39 0008 0A1C     		mov	r2, r1
  40 000a FB1C     		add	r3, r7, #3
  41 000c 1A70     		strb	r2, [r3]
  71:.\common.c    ****     if(digit == 5)
  42              		.loc 1 71 0
  43 000e FB1C     		add	r3, r7, #3
ARM GAS  C:\Users\Evan\AppData\Local\Temp\ccxUr3I2.s 			page 3


  44 0010 1B78     		ldrb	r3, [r3]
  45 0012 052B     		cmp	r3, #5
  46 0014 0FD1     		bne	.L2
  72:.\common.c    ****     {
  73:.\common.c    ****         value = (value%1000000)/100000;
  47              		.loc 1 73 0
  48 0016 7B68     		ldr	r3, [r7, #4]
  49 0018 181C     		mov	r0, r3
  50 001a 3B49     		ldr	r1, .L10
  51 001c FFF7FEFF 		bl	__aeabi_uidivmod
  52 0020 0B1C     		mov	r3, r1
  53 0022 181C     		mov	r0, r3
  54 0024 3949     		ldr	r1, .L10+4
  55 0026 FFF7FEFF 		bl	__aeabi_uidiv
  56 002a 031C     		mov	r3, r0
  57 002c 7B60     		str	r3, [r7, #4]
  74:.\common.c    ****         value = value + '0';
  58              		.loc 1 74 0
  59 002e 7B68     		ldr	r3, [r7, #4]
  60 0030 3033     		add	r3, r3, #48
  61 0032 7B60     		str	r3, [r7, #4]
  62 0034 62E0     		b	.L3
  63              	.L2:
  75:.\common.c    ****     }
  76:.\common.c    ****     else if(digit == 4)
  64              		.loc 1 76 0
  65 0036 FB1C     		add	r3, r7, #3
  66 0038 1B78     		ldrb	r3, [r3]
  67 003a 042B     		cmp	r3, #4
  68 003c 0FD1     		bne	.L4
  77:.\common.c    ****     {
  78:.\common.c    ****         value = (value%100000)/10000;
  69              		.loc 1 78 0
  70 003e 7B68     		ldr	r3, [r7, #4]
  71 0040 181C     		mov	r0, r3
  72 0042 3249     		ldr	r1, .L10+4
  73 0044 FFF7FEFF 		bl	__aeabi_uidivmod
  74 0048 0B1C     		mov	r3, r1
  75 004a 181C     		mov	r0, r3
  76 004c 3049     		ldr	r1, .L10+8
  77 004e FFF7FEFF 		bl	__aeabi_uidiv
  78 0052 031C     		mov	r3, r0
  79 0054 7B60     		str	r3, [r7, #4]
  79:.\common.c    ****         value = value + '0';
  80              		.loc 1 79 0
  81 0056 7B68     		ldr	r3, [r7, #4]
  82 0058 3033     		add	r3, r3, #48
  83 005a 7B60     		str	r3, [r7, #4]
  84 005c 4EE0     		b	.L3
  85              	.L4:
  80:.\common.c    ****     }
  81:.\common.c    ****     else if(digit == 3)
  86              		.loc 1 81 0
  87 005e FB1C     		add	r3, r7, #3
  88 0060 1B78     		ldrb	r3, [r3]
  89 0062 032B     		cmp	r3, #3
  90 0064 10D1     		bne	.L5
ARM GAS  C:\Users\Evan\AppData\Local\Temp\ccxUr3I2.s 			page 4


  82:.\common.c    ****     {
  83:.\common.c    ****         value = (value%10000)/1000;
  91              		.loc 1 83 0
  92 0066 7B68     		ldr	r3, [r7, #4]
  93 0068 181C     		mov	r0, r3
  94 006a 2949     		ldr	r1, .L10+8
  95 006c FFF7FEFF 		bl	__aeabi_uidivmod
  96 0070 0B1C     		mov	r3, r1
  97 0072 181C     		mov	r0, r3
  98 0074 FA23     		mov	r3, #250
  99 0076 9900     		lsl	r1, r3, #2
 100 0078 FFF7FEFF 		bl	__aeabi_uidiv
 101 007c 031C     		mov	r3, r0
 102 007e 7B60     		str	r3, [r7, #4]
  84:.\common.c    ****         value = value + '0';
 103              		.loc 1 84 0
 104 0080 7B68     		ldr	r3, [r7, #4]
 105 0082 3033     		add	r3, r3, #48
 106 0084 7B60     		str	r3, [r7, #4]
 107 0086 39E0     		b	.L3
 108              	.L5:
  85:.\common.c    ****     }
  86:.\common.c    ****     else if(digit == 2)
 109              		.loc 1 86 0
 110 0088 FB1C     		add	r3, r7, #3
 111 008a 1B78     		ldrb	r3, [r3]
 112 008c 022B     		cmp	r3, #2
 113 008e 10D1     		bne	.L6
  87:.\common.c    ****     {
  88:.\common.c    ****         value = (value%1000)/100;
 114              		.loc 1 88 0
 115 0090 7B68     		ldr	r3, [r7, #4]
 116 0092 181C     		mov	r0, r3
 117 0094 FA23     		mov	r3, #250
 118 0096 9900     		lsl	r1, r3, #2
 119 0098 FFF7FEFF 		bl	__aeabi_uidivmod
 120 009c 0B1C     		mov	r3, r1
 121 009e 181C     		mov	r0, r3
 122 00a0 6421     		mov	r1, #100
 123 00a2 FFF7FEFF 		bl	__aeabi_uidiv
 124 00a6 031C     		mov	r3, r0
 125 00a8 7B60     		str	r3, [r7, #4]
  89:.\common.c    ****         value = value + '0';
 126              		.loc 1 89 0
 127 00aa 7B68     		ldr	r3, [r7, #4]
 128 00ac 3033     		add	r3, r3, #48
 129 00ae 7B60     		str	r3, [r7, #4]
 130 00b0 24E0     		b	.L3
 131              	.L6:
  90:.\common.c    ****     }
  91:.\common.c    ****     else if(digit == 1)
 132              		.loc 1 91 0
 133 00b2 FB1C     		add	r3, r7, #3
 134 00b4 1B78     		ldrb	r3, [r3]
 135 00b6 012B     		cmp	r3, #1
 136 00b8 0FD1     		bne	.L7
  92:.\common.c    ****     {
ARM GAS  C:\Users\Evan\AppData\Local\Temp\ccxUr3I2.s 			page 5


  93:.\common.c    ****         value = (value%100)/10;
 137              		.loc 1 93 0
 138 00ba 7B68     		ldr	r3, [r7, #4]
 139 00bc 181C     		mov	r0, r3
 140 00be 6421     		mov	r1, #100
 141 00c0 FFF7FEFF 		bl	__aeabi_uidivmod
 142 00c4 0B1C     		mov	r3, r1
 143 00c6 181C     		mov	r0, r3
 144 00c8 0A21     		mov	r1, #10
 145 00ca FFF7FEFF 		bl	__aeabi_uidiv
 146 00ce 031C     		mov	r3, r0
 147 00d0 7B60     		str	r3, [r7, #4]
  94:.\common.c    ****         value = value + '0';
 148              		.loc 1 94 0
 149 00d2 7B68     		ldr	r3, [r7, #4]
 150 00d4 3033     		add	r3, r3, #48
 151 00d6 7B60     		str	r3, [r7, #4]
 152 00d8 10E0     		b	.L3
 153              	.L7:
  95:.\common.c    ****     }
  96:.\common.c    ****     else if (digit == 0)
 154              		.loc 1 96 0
 155 00da FB1C     		add	r3, r7, #3
 156 00dc 1B78     		ldrb	r3, [r3]
 157 00de 002B     		cmp	r3, #0
 158 00e0 0AD1     		bne	.L8
  97:.\common.c    ****     {
  98:.\common.c    ****         value = value%10;
 159              		.loc 1 98 0
 160 00e2 7B68     		ldr	r3, [r7, #4]
 161 00e4 181C     		mov	r0, r3
 162 00e6 0A21     		mov	r1, #10
 163 00e8 FFF7FEFF 		bl	__aeabi_uidivmod
 164 00ec 0B1C     		mov	r3, r1
 165 00ee 7B60     		str	r3, [r7, #4]
  99:.\common.c    ****         value = value + '0';
 166              		.loc 1 99 0
 167 00f0 7B68     		ldr	r3, [r7, #4]
 168 00f2 3033     		add	r3, r3, #48
 169 00f4 7B60     		str	r3, [r7, #4]
 170 00f6 01E0     		b	.L3
 171              	.L8:
 100:.\common.c    ****     }
 101:.\common.c    ****     else
 102:.\common.c    ****     {
 103:.\common.c    ****         value = ' ';    
 172              		.loc 1 103 0
 173 00f8 2023     		mov	r3, #32
 174 00fa 7B60     		str	r3, [r7, #4]
 175              	.L3:
 104:.\common.c    ****     }
 105:.\common.c    ****     
 106:.\common.c    ****     return value;
 176              		.loc 1 106 0
 177 00fc 7B68     		ldr	r3, [r7, #4]
 178 00fe DBB2     		uxtb	r3, r3
 107:.\common.c    **** }
ARM GAS  C:\Users\Evan\AppData\Local\Temp\ccxUr3I2.s 			page 6


 179              		.loc 1 107 0
 180 0100 181C     		mov	r0, r3
 181 0102 BD46     		mov	sp, r7
 182 0104 02B0     		add	sp, sp, #8
 183              		@ sp needed
 184 0106 80BD     		pop	{r7, pc}
 185              	.L11:
 186              		.align	2
 187              	.L10:
 188 0108 40420F00 		.word	1000000
 189 010c A0860100 		.word	100000
 190 0110 10270000 		.word	10000
 191              		.cfi_endproc
 192              	.LFE35:
 193              		.size	HexToDecimal, .-HexToDecimal
 194              		.section	.text.HexToAscii,"ax",%progbits
 195              		.align	2
 196              		.global	HexToAscii
 197              		.code	16
 198              		.thumb_func
 199              		.type	HexToAscii, %function
 200              	HexToAscii:
 201              	.LFB36:
 108:.\common.c    **** 
 109:.\common.c    **** 
 110:.\common.c    **** /*******************************************************************************
 111:.\common.c    **** * Function Name: HexToAscii()
 112:.\common.c    **** ********************************************************************************
 113:.\common.c    **** * Summary:
 114:.\common.c    **** * Hexadecimal to ASCII converter
 115:.\common.c    **** *
 116:.\common.c    **** * Parameters:
 117:.\common.c    **** * uint32 value: Hexadecimal value
 118:.\common.c    **** * uint8 digit: Which nibble to be obtained
 119:.\common.c    **** *
 120:.\common.c    **** * Return:
 121:.\common.c    **** * char: the ASCII equivalent of that nibble
 122:.\common.c    **** *
 123:.\common.c    **** * Theory:
 124:.\common.c    **** * Converts hexadecimal to ASCII
 125:.\common.c    **** *
 126:.\common.c    **** *******************************************************************************/
 127:.\common.c    **** char HexToAscii(uint8 value, uint8 nibble)
 128:.\common.c    **** {
 202              		.loc 1 128 0
 203              		.cfi_startproc
 204 0000 80B5     		push	{r7, lr}
 205              		.cfi_def_cfa_offset 8
 206              		.cfi_offset 7, -8
 207              		.cfi_offset 14, -4
 208 0002 82B0     		sub	sp, sp, #8
 209              		.cfi_def_cfa_offset 16
 210 0004 00AF     		add	r7, sp, #0
 211              		.cfi_def_cfa_register 7
 212 0006 0A1C     		mov	r2, r1
 213 0008 FB1D     		add	r3, r7, #7
 214 000a 011C     		add	r1, r0, #0
ARM GAS  C:\Users\Evan\AppData\Local\Temp\ccxUr3I2.s 			page 7


 215 000c 1970     		strb	r1, [r3]
 216 000e BB1D     		add	r3, r7, #6
 217 0010 1A70     		strb	r2, [r3]
 129:.\common.c    ****     if(nibble == 1)
 218              		.loc 1 129 0
 219 0012 BB1D     		add	r3, r7, #6
 220 0014 1B78     		ldrb	r3, [r3]
 221 0016 012B     		cmp	r3, #1
 222 0018 1AD1     		bne	.L13
 130:.\common.c    ****     {
 131:.\common.c    ****         value = value & 0xf0;
 223              		.loc 1 131 0
 224 001a FB1D     		add	r3, r7, #7
 225 001c FA1D     		add	r2, r7, #7
 226 001e 1278     		ldrb	r2, [r2]
 227 0020 0F21     		mov	r1, #15
 228 0022 8A43     		bic	r2, r1
 229 0024 1A70     		strb	r2, [r3]
 132:.\common.c    ****         value = value >> 4;
 230              		.loc 1 132 0
 231 0026 FB1D     		add	r3, r7, #7
 232 0028 FA1D     		add	r2, r7, #7
 233 002a 1278     		ldrb	r2, [r2]
 234 002c 1209     		lsr	r2, r2, #4
 235 002e 1A70     		strb	r2, [r3]
 133:.\common.c    ****         
 134:.\common.c    ****         /*bit-shift the result to the right by four bits (i.e. quickly divides by 16)*/
 135:.\common.c    ****         if (value >9)
 236              		.loc 1 135 0
 237 0030 FB1D     		add	r3, r7, #7
 238 0032 1B78     		ldrb	r3, [r3]
 239 0034 092B     		cmp	r3, #9
 240 0036 05D9     		bls	.L14
 136:.\common.c    ****         {
 137:.\common.c    ****             value = value - 10 + 'A';
 241              		.loc 1 137 0
 242 0038 FB1D     		add	r3, r7, #7
 243 003a FA1D     		add	r2, r7, #7
 244 003c 1278     		ldrb	r2, [r2]
 245 003e 3732     		add	r2, r2, #55
 246 0040 1A70     		strb	r2, [r3]
 247 0042 22E0     		b	.L16
 248              	.L14:
 138:.\common.c    ****         }
 139:.\common.c    ****         else
 140:.\common.c    ****         {
 141:.\common.c    ****             value = value + '0';
 249              		.loc 1 141 0
 250 0044 FB1D     		add	r3, r7, #7
 251 0046 FA1D     		add	r2, r7, #7
 252 0048 1278     		ldrb	r2, [r2]
 253 004a 3032     		add	r2, r2, #48
 254 004c 1A70     		strb	r2, [r3]
 255 004e 1CE0     		b	.L16
 256              	.L13:
 142:.\common.c    ****         }
 143:.\common.c    ****     }
ARM GAS  C:\Users\Evan\AppData\Local\Temp\ccxUr3I2.s 			page 8


 144:.\common.c    ****     else if (nibble == 0)
 257              		.loc 1 144 0
 258 0050 BB1D     		add	r3, r7, #6
 259 0052 1B78     		ldrb	r3, [r3]
 260 0054 002B     		cmp	r3, #0
 261 0056 15D1     		bne	.L17
 145:.\common.c    ****     {
 146:.\common.c    ****         /*means use a bitwise AND to take the bottom four bits from the byte,
 147:.\common.c    ****         0x0F is 00001111 in binary*/
 148:.\common.c    ****         value = value & 0x0F;
 262              		.loc 1 148 0
 263 0058 FB1D     		add	r3, r7, #7
 264 005a FA1D     		add	r2, r7, #7
 265 005c 1178     		ldrb	r1, [r2]
 266 005e 0F22     		mov	r2, #15
 267 0060 0A40     		and	r2, r1
 268 0062 1A70     		strb	r2, [r3]
 149:.\common.c    ****         if (value >9)
 269              		.loc 1 149 0
 270 0064 FB1D     		add	r3, r7, #7
 271 0066 1B78     		ldrb	r3, [r3]
 272 0068 092B     		cmp	r3, #9
 273 006a 05D9     		bls	.L18
 150:.\common.c    ****         {
 151:.\common.c    ****             value = value - 10 + 'A';
 274              		.loc 1 151 0
 275 006c FB1D     		add	r3, r7, #7
 276 006e FA1D     		add	r2, r7, #7
 277 0070 1278     		ldrb	r2, [r2]
 278 0072 3732     		add	r2, r2, #55
 279 0074 1A70     		strb	r2, [r3]
 280 0076 08E0     		b	.L16
 281              	.L18:
 152:.\common.c    ****         }
 153:.\common.c    ****         else
 154:.\common.c    ****         {
 155:.\common.c    ****             value = value + '0';
 282              		.loc 1 155 0
 283 0078 FB1D     		add	r3, r7, #7
 284 007a FA1D     		add	r2, r7, #7
 285 007c 1278     		ldrb	r2, [r2]
 286 007e 3032     		add	r2, r2, #48
 287 0080 1A70     		strb	r2, [r3]
 288 0082 02E0     		b	.L16
 289              	.L17:
 156:.\common.c    ****         }
 157:.\common.c    ****     }
 158:.\common.c    ****     else
 159:.\common.c    ****     {
 160:.\common.c    ****         value = ' ';    
 290              		.loc 1 160 0
 291 0084 FB1D     		add	r3, r7, #7
 292 0086 2022     		mov	r2, #32
 293 0088 1A70     		strb	r2, [r3]
 294              	.L16:
 161:.\common.c    ****     }
 162:.\common.c    ****     
ARM GAS  C:\Users\Evan\AppData\Local\Temp\ccxUr3I2.s 			page 9


 163:.\common.c    ****     return value;
 295              		.loc 1 163 0
 296 008a FB1D     		add	r3, r7, #7
 297 008c 1B78     		ldrb	r3, [r3]
 164:.\common.c    **** }
 298              		.loc 1 164 0
 299 008e 181C     		mov	r0, r3
 300 0090 BD46     		mov	sp, r7
 301 0092 02B0     		add	sp, sp, #8
 302              		@ sp needed
 303 0094 80BD     		pop	{r7, pc}
 304              		.cfi_endproc
 305              	.LFE36:
 306              		.size	HexToAscii, .-HexToAscii
 307 0096 C046     		.text
 308              	.Letext0:
 309              		.file 2 ".\\Generated_Source\\PSoC4/cytypes.h"
 310              		.section	.debug_info,"",%progbits
 311              	.Ldebug_info0:
 312 0000 02010000 		.4byte	0x102
 313 0004 0400     		.2byte	0x4
 314 0006 00000000 		.4byte	.Ldebug_abbrev0
 315 000a 04       		.byte	0x4
 316 000b 01       		.uleb128 0x1
 317 000c 87000000 		.4byte	.LASF18
 318 0010 01       		.byte	0x1
 319 0011 1F010000 		.4byte	.LASF19
 320 0015 22000000 		.4byte	.LASF20
 321 0019 00000000 		.4byte	.Ldebug_ranges0+0
 322 001d 00000000 		.4byte	0
 323 0021 00000000 		.4byte	.Ldebug_line0
 324 0025 02       		.uleb128 0x2
 325 0026 01       		.byte	0x1
 326 0027 06       		.byte	0x6
 327 0028 51010000 		.4byte	.LASF0
 328 002c 02       		.uleb128 0x2
 329 002d 01       		.byte	0x1
 330 002e 08       		.byte	0x8
 331 002f 03010000 		.4byte	.LASF1
 332 0033 02       		.uleb128 0x2
 333 0034 02       		.byte	0x2
 334 0035 05       		.byte	0x5
 335 0036 69010000 		.4byte	.LASF2
 336 003a 02       		.uleb128 0x2
 337 003b 02       		.byte	0x2
 338 003c 07       		.byte	0x7
 339 003d 3E010000 		.4byte	.LASF3
 340 0041 02       		.uleb128 0x2
 341 0042 04       		.byte	0x4
 342 0043 05       		.byte	0x5
 343 0044 16010000 		.4byte	.LASF4
 344 0048 02       		.uleb128 0x2
 345 0049 04       		.byte	0x4
 346 004a 07       		.byte	0x7
 347 004b 58000000 		.4byte	.LASF5
 348 004f 02       		.uleb128 0x2
 349 0050 08       		.byte	0x8
ARM GAS  C:\Users\Evan\AppData\Local\Temp\ccxUr3I2.s 			page 10


 350 0051 05       		.byte	0x5
 351 0052 00000000 		.4byte	.LASF6
 352 0056 02       		.uleb128 0x2
 353 0057 08       		.byte	0x8
 354 0058 07       		.byte	0x7
 355 0059 6A000000 		.4byte	.LASF7
 356 005d 03       		.uleb128 0x3
 357 005e 04       		.byte	0x4
 358 005f 05       		.byte	0x5
 359 0060 696E7400 		.ascii	"int\000"
 360 0064 02       		.uleb128 0x2
 361 0065 04       		.byte	0x4
 362 0066 07       		.byte	0x7
 363 0067 15000000 		.4byte	.LASF8
 364 006b 04       		.uleb128 0x4
 365 006c 52000000 		.4byte	.LASF9
 366 0070 02       		.byte	0x2
 367 0071 A1       		.byte	0xa1
 368 0072 2C000000 		.4byte	0x2c
 369 0076 04       		.uleb128 0x4
 370 0077 0E000000 		.4byte	.LASF10
 371 007b 02       		.byte	0x2
 372 007c A3       		.byte	0xa3
 373 007d 48000000 		.4byte	0x48
 374 0081 02       		.uleb128 0x2
 375 0082 04       		.byte	0x4
 376 0083 04       		.byte	0x4
 377 0084 81000000 		.4byte	.LASF11
 378 0088 02       		.uleb128 0x2
 379 0089 08       		.byte	0x8
 380 008a 04       		.byte	0x4
 381 008b 2A010000 		.4byte	.LASF12
 382 008f 02       		.uleb128 0x2
 383 0090 01       		.byte	0x1
 384 0091 08       		.byte	0x8
 385 0092 11010000 		.4byte	.LASF13
 386 0096 02       		.uleb128 0x2
 387 0097 04       		.byte	0x4
 388 0098 07       		.byte	0x7
 389 0099 7A010000 		.4byte	.LASF14
 390 009d 05       		.uleb128 0x5
 391 009e 31010000 		.4byte	.LASF21
 392 00a2 01       		.byte	0x1
 393 00a3 45       		.byte	0x45
 394 00a4 8F000000 		.4byte	0x8f
 395 00a8 00000000 		.4byte	.LFB35
 396 00ac 14010000 		.4byte	.LFE35-.LFB35
 397 00b0 01       		.uleb128 0x1
 398 00b1 9C       		.byte	0x9c
 399 00b2 D3000000 		.4byte	0xd3
 400 00b6 06       		.uleb128 0x6
 401 00b7 63010000 		.4byte	.LASF15
 402 00bb 01       		.byte	0x1
 403 00bc 45       		.byte	0x45
 404 00bd 76000000 		.4byte	0x76
 405 00c1 02       		.uleb128 0x2
 406 00c2 91       		.byte	0x91
ARM GAS  C:\Users\Evan\AppData\Local\Temp\ccxUr3I2.s 			page 11


 407 00c3 74       		.sleb128 -12
 408 00c4 06       		.uleb128 0x6
 409 00c5 5D010000 		.4byte	.LASF16
 410 00c9 01       		.byte	0x1
 411 00ca 45       		.byte	0x45
 412 00cb 6B000000 		.4byte	0x6b
 413 00cf 02       		.uleb128 0x2
 414 00d0 91       		.byte	0x91
 415 00d1 73       		.sleb128 -13
 416 00d2 00       		.byte	0
 417 00d3 07       		.uleb128 0x7
 418 00d4 83010000 		.4byte	.LASF22
 419 00d8 01       		.byte	0x1
 420 00d9 7F       		.byte	0x7f
 421 00da 8F000000 		.4byte	0x8f
 422 00de 00000000 		.4byte	.LFB36
 423 00e2 96000000 		.4byte	.LFE36-.LFB36
 424 00e6 01       		.uleb128 0x1
 425 00e7 9C       		.byte	0x9c
 426 00e8 06       		.uleb128 0x6
 427 00e9 63010000 		.4byte	.LASF15
 428 00ed 01       		.byte	0x1
 429 00ee 7F       		.byte	0x7f
 430 00ef 6B000000 		.4byte	0x6b
 431 00f3 02       		.uleb128 0x2
 432 00f4 91       		.byte	0x91
 433 00f5 77       		.sleb128 -9
 434 00f6 06       		.uleb128 0x6
 435 00f7 73010000 		.4byte	.LASF17
 436 00fb 01       		.byte	0x1
 437 00fc 7F       		.byte	0x7f
 438 00fd 6B000000 		.4byte	0x6b
 439 0101 02       		.uleb128 0x2
 440 0102 91       		.byte	0x91
 441 0103 76       		.sleb128 -10
 442 0104 00       		.byte	0
 443 0105 00       		.byte	0
 444              		.section	.debug_abbrev,"",%progbits
 445              	.Ldebug_abbrev0:
 446 0000 01       		.uleb128 0x1
 447 0001 11       		.uleb128 0x11
 448 0002 01       		.byte	0x1
 449 0003 25       		.uleb128 0x25
 450 0004 0E       		.uleb128 0xe
 451 0005 13       		.uleb128 0x13
 452 0006 0B       		.uleb128 0xb
 453 0007 03       		.uleb128 0x3
 454 0008 0E       		.uleb128 0xe
 455 0009 1B       		.uleb128 0x1b
 456 000a 0E       		.uleb128 0xe
 457 000b 55       		.uleb128 0x55
 458 000c 17       		.uleb128 0x17
 459 000d 11       		.uleb128 0x11
 460 000e 01       		.uleb128 0x1
 461 000f 10       		.uleb128 0x10
 462 0010 17       		.uleb128 0x17
 463 0011 00       		.byte	0
ARM GAS  C:\Users\Evan\AppData\Local\Temp\ccxUr3I2.s 			page 12


 464 0012 00       		.byte	0
 465 0013 02       		.uleb128 0x2
 466 0014 24       		.uleb128 0x24
 467 0015 00       		.byte	0
 468 0016 0B       		.uleb128 0xb
 469 0017 0B       		.uleb128 0xb
 470 0018 3E       		.uleb128 0x3e
 471 0019 0B       		.uleb128 0xb
 472 001a 03       		.uleb128 0x3
 473 001b 0E       		.uleb128 0xe
 474 001c 00       		.byte	0
 475 001d 00       		.byte	0
 476 001e 03       		.uleb128 0x3
 477 001f 24       		.uleb128 0x24
 478 0020 00       		.byte	0
 479 0021 0B       		.uleb128 0xb
 480 0022 0B       		.uleb128 0xb
 481 0023 3E       		.uleb128 0x3e
 482 0024 0B       		.uleb128 0xb
 483 0025 03       		.uleb128 0x3
 484 0026 08       		.uleb128 0x8
 485 0027 00       		.byte	0
 486 0028 00       		.byte	0
 487 0029 04       		.uleb128 0x4
 488 002a 16       		.uleb128 0x16
 489 002b 00       		.byte	0
 490 002c 03       		.uleb128 0x3
 491 002d 0E       		.uleb128 0xe
 492 002e 3A       		.uleb128 0x3a
 493 002f 0B       		.uleb128 0xb
 494 0030 3B       		.uleb128 0x3b
 495 0031 0B       		.uleb128 0xb
 496 0032 49       		.uleb128 0x49
 497 0033 13       		.uleb128 0x13
 498 0034 00       		.byte	0
 499 0035 00       		.byte	0
 500 0036 05       		.uleb128 0x5
 501 0037 2E       		.uleb128 0x2e
 502 0038 01       		.byte	0x1
 503 0039 3F       		.uleb128 0x3f
 504 003a 19       		.uleb128 0x19
 505 003b 03       		.uleb128 0x3
 506 003c 0E       		.uleb128 0xe
 507 003d 3A       		.uleb128 0x3a
 508 003e 0B       		.uleb128 0xb
 509 003f 3B       		.uleb128 0x3b
 510 0040 0B       		.uleb128 0xb
 511 0041 27       		.uleb128 0x27
 512 0042 19       		.uleb128 0x19
 513 0043 49       		.uleb128 0x49
 514 0044 13       		.uleb128 0x13
 515 0045 11       		.uleb128 0x11
 516 0046 01       		.uleb128 0x1
 517 0047 12       		.uleb128 0x12
 518 0048 06       		.uleb128 0x6
 519 0049 40       		.uleb128 0x40
 520 004a 18       		.uleb128 0x18
ARM GAS  C:\Users\Evan\AppData\Local\Temp\ccxUr3I2.s 			page 13


 521 004b 9642     		.uleb128 0x2116
 522 004d 19       		.uleb128 0x19
 523 004e 01       		.uleb128 0x1
 524 004f 13       		.uleb128 0x13
 525 0050 00       		.byte	0
 526 0051 00       		.byte	0
 527 0052 06       		.uleb128 0x6
 528 0053 05       		.uleb128 0x5
 529 0054 00       		.byte	0
 530 0055 03       		.uleb128 0x3
 531 0056 0E       		.uleb128 0xe
 532 0057 3A       		.uleb128 0x3a
 533 0058 0B       		.uleb128 0xb
 534 0059 3B       		.uleb128 0x3b
 535 005a 0B       		.uleb128 0xb
 536 005b 49       		.uleb128 0x49
 537 005c 13       		.uleb128 0x13
 538 005d 02       		.uleb128 0x2
 539 005e 18       		.uleb128 0x18
 540 005f 00       		.byte	0
 541 0060 00       		.byte	0
 542 0061 07       		.uleb128 0x7
 543 0062 2E       		.uleb128 0x2e
 544 0063 01       		.byte	0x1
 545 0064 3F       		.uleb128 0x3f
 546 0065 19       		.uleb128 0x19
 547 0066 03       		.uleb128 0x3
 548 0067 0E       		.uleb128 0xe
 549 0068 3A       		.uleb128 0x3a
 550 0069 0B       		.uleb128 0xb
 551 006a 3B       		.uleb128 0x3b
 552 006b 0B       		.uleb128 0xb
 553 006c 27       		.uleb128 0x27
 554 006d 19       		.uleb128 0x19
 555 006e 49       		.uleb128 0x49
 556 006f 13       		.uleb128 0x13
 557 0070 11       		.uleb128 0x11
 558 0071 01       		.uleb128 0x1
 559 0072 12       		.uleb128 0x12
 560 0073 06       		.uleb128 0x6
 561 0074 40       		.uleb128 0x40
 562 0075 18       		.uleb128 0x18
 563 0076 9742     		.uleb128 0x2117
 564 0078 19       		.uleb128 0x19
 565 0079 00       		.byte	0
 566 007a 00       		.byte	0
 567 007b 00       		.byte	0
 568              		.section	.debug_aranges,"",%progbits
 569 0000 24000000 		.4byte	0x24
 570 0004 0200     		.2byte	0x2
 571 0006 00000000 		.4byte	.Ldebug_info0
 572 000a 04       		.byte	0x4
 573 000b 00       		.byte	0
 574 000c 0000     		.2byte	0
 575 000e 0000     		.2byte	0
 576 0010 00000000 		.4byte	.LFB35
 577 0014 14010000 		.4byte	.LFE35-.LFB35
ARM GAS  C:\Users\Evan\AppData\Local\Temp\ccxUr3I2.s 			page 14


 578 0018 00000000 		.4byte	.LFB36
 579 001c 96000000 		.4byte	.LFE36-.LFB36
 580 0020 00000000 		.4byte	0
 581 0024 00000000 		.4byte	0
 582              		.section	.debug_ranges,"",%progbits
 583              	.Ldebug_ranges0:
 584 0000 00000000 		.4byte	.LFB35
 585 0004 14010000 		.4byte	.LFE35
 586 0008 00000000 		.4byte	.LFB36
 587 000c 96000000 		.4byte	.LFE36
 588 0010 00000000 		.4byte	0
 589 0014 00000000 		.4byte	0
 590              		.section	.debug_line,"",%progbits
 591              	.Ldebug_line0:
 592 0000 90000000 		.section	.debug_str,"MS",%progbits,1
 592      02004700 
 592      00000201 
 592      FB0E0D00 
 592      01010101 
 593              	.LASF6:
 594 0000 6C6F6E67 		.ascii	"long long int\000"
 594      206C6F6E 
 594      6720696E 
 594      7400
 595              	.LASF10:
 596 000e 75696E74 		.ascii	"uint32\000"
 596      333200
 597              	.LASF8:
 598 0015 756E7369 		.ascii	"unsigned int\000"
 598      676E6564 
 598      20696E74 
 598      00
 599              	.LASF20:
 600 0022 433A5C55 		.ascii	"C:\\Users\\Evan\\Desktop\\ANCS Demo\\ANCS Demo.cyds"
 600      73657273 
 600      5C457661 
 600      6E5C4465 
 600      736B746F 
 601 0050 6E00     		.ascii	"n\000"
 602              	.LASF9:
 603 0052 75696E74 		.ascii	"uint8\000"
 603      3800
 604              	.LASF5:
 605 0058 6C6F6E67 		.ascii	"long unsigned int\000"
 605      20756E73 
 605      69676E65 
 605      6420696E 
 605      7400
 606              	.LASF7:
 607 006a 6C6F6E67 		.ascii	"long long unsigned int\000"
 607      206C6F6E 
 607      6720756E 
 607      7369676E 
 607      65642069 
 608              	.LASF11:
 609 0081 666C6F61 		.ascii	"float\000"
 609      7400
ARM GAS  C:\Users\Evan\AppData\Local\Temp\ccxUr3I2.s 			page 15


 610              	.LASF18:
 611 0087 474E5520 		.ascii	"GNU C 4.8.4 20140526 (release) [ARM/embedded-4_8-br"
 611      4320342E 
 611      382E3420 
 611      32303134 
 611      30353236 
 612 00ba 616E6368 		.ascii	"anch revision 211358] -mcpu=cortex-m0 -mthumb -g -O"
 612      20726576 
 612      6973696F 
 612      6E203231 
 612      31333538 
 613 00ed 30202D66 		.ascii	"0 -ffunction-sections\000"
 613      66756E63 
 613      74696F6E 
 613      2D736563 
 613      74696F6E 
 614              	.LASF1:
 615 0103 756E7369 		.ascii	"unsigned char\000"
 615      676E6564 
 615      20636861 
 615      7200
 616              	.LASF13:
 617 0111 63686172 		.ascii	"char\000"
 617      00
 618              	.LASF4:
 619 0116 6C6F6E67 		.ascii	"long int\000"
 619      20696E74 
 619      00
 620              	.LASF19:
 621 011f 2E5C636F 		.ascii	".\\common.c\000"
 621      6D6D6F6E 
 621      2E6300
 622              	.LASF12:
 623 012a 646F7562 		.ascii	"double\000"
 623      6C6500
 624              	.LASF21:
 625 0131 48657854 		.ascii	"HexToDecimal\000"
 625      6F446563 
 625      696D616C 
 625      00
 626              	.LASF3:
 627 013e 73686F72 		.ascii	"short unsigned int\000"
 627      7420756E 
 627      7369676E 
 627      65642069 
 627      6E7400
 628              	.LASF0:
 629 0151 7369676E 		.ascii	"signed char\000"
 629      65642063 
 629      68617200 
 630              	.LASF16:
 631 015d 64696769 		.ascii	"digit\000"
 631      7400
 632              	.LASF15:
 633 0163 76616C75 		.ascii	"value\000"
 633      6500
 634              	.LASF2:
ARM GAS  C:\Users\Evan\AppData\Local\Temp\ccxUr3I2.s 			page 16


 635 0169 73686F72 		.ascii	"short int\000"
 635      7420696E 
 635      7400
 636              	.LASF17:
 637 0173 6E696262 		.ascii	"nibble\000"
 637      6C6500
 638              	.LASF14:
 639 017a 73697A65 		.ascii	"sizetype\000"
 639      74797065 
 639      00
 640              	.LASF22:
 641 0183 48657854 		.ascii	"HexToAscii\000"
 641      6F417363 
 641      696900
 642              		.ident	"GCC: (GNU Tools for ARM Embedded Processors) 4.8.4 20140526 (release) [ARM/embedded-4_8-br
